<!DOCTYPE html PUBLIC "-//W3C//DTD XHTML 1.1//EN" "http://www.w3.org/TR/xhtml11/DTD/xhtml11.dtd">
<html xmlns="http://www.w3.org/1999/xhtml"><head><title>TestNG Report</title><style type="text/css">table {margin-bottom:10px;border-collapse:collapse;empty-cells:show}th,td {border:1px solid #009;padding:.25em .5em}th {vertical-align:bottom}td {vertical-align:top}table a {font-weight:bold}.stripe td {background-color: #E6EBF9}.num {text-align:right}.passedodd td {background-color: #3F3}.passedeven td {background-color: #0A0}.skippedodd td {background-color: #DDD}.skippedeven td {background-color: #CCC}.failedodd td,.attn {background-color: #F33}.failedeven td,.stripe .attn {background-color: #D00}.stacktrace {white-space:pre;font-family:monospace}.totop {font-size:85%;text-align:center;border-bottom:2px solid #000}</style></head><body><table><tr><th>Test</th><th># Passed</th><th># Skipped</th><th># Failed</th><th>Time (ms)</th><th>Included Groups</th><th>Excluded Groups</th></tr><tr><th colspan="7">Default suite</th></tr><tr><td><a href="#t0">Default test</a></td><td class="num">0</td><td class="num">0</td><td class="num attn">2</td><td class="num">2,736</td><td></td><td></td></tr></table><table><thead><tr><th>Class</th><th>Method</th><th>Start</th><th>Time (ms)</th></tr></thead><tbody><tr><th colspan="4">Default suite</th></tr></tbody><tbody id="t0"><tr><th colspan="4">Default test &#8212; failed</th></tr><tr class="failedeven"><td rowspan="2">cn.test.framework.tests.InterfaceTest</td><td><a href="#m0">test_image_rec</a></td><td rowspan="2">1505447710654</td><td rowspan="2">1397</td></tr><tr class="failedeven"><td><a href="#m1">test_image_rec</a></td></tr></tbody></table><h2>Default test</h2><h3 id="m0">cn.test.framework.tests.InterfaceTest#test_image_rec</h3><table class="result"><tr class="param"><th>Parameter #1</th></tr><tr class="param stripe"><td>{vehicle_license_main_engine_no=C443305, address=北京市崇文区安化北里1号长保大厦123, type=中国行驶证正本, url=/icr/recognize_vehicle_license_demo, image_name=3.jpg, vehicle_license_main_user_character=非营运, issue_date=2008-07-10, vehicle_license_main_model=丰田G1M7240VBNAV1, vehicle_license_main_register_date=2008-07-10, vehicle_license_main_vehicle_type=轿车, vehicle_license_main_plate_num=京MD3033, vehicle_license_main_vin=LVGBE40KX8G230406, vehicle_license_main_owner=长安责任保险股份有限公司}</td></tr><tr><th>Exception</th></tr><tr><td><div class="stacktrace">java.lang.AssertionError:  期望值: 北京市崇文区安化北里1号长保大厦123 实际值: 北京市崇文区安化北里1号笋保大厦
	at org.testng.Assert.fail(Assert.java:83)
	at com.test.framework.utils.AssertUtil.verifyFail(AssertUtil.java:36)
	at cn.test.framework.tests.InterfaceTest.test_image_rec(InterfaceTest.java:69)
	at sun.reflect.NativeMethodAccessorImpl.invoke0(Native Method)
	at sun.reflect.NativeMethodAccessorImpl.invoke(NativeMethodAccessorImpl.java:62)
	at sun.reflect.DelegatingMethodAccessorImpl.invoke(DelegatingMethodAccessorImpl.java:43)
	at java.lang.reflect.Method.invoke(Method.java:498)
	at org.testng.internal.MethodInvocationHelper.invokeMethod(MethodInvocationHelper.java:86)
	at org.testng.internal.Invoker.invokeMethod(Invoker.java:643)
	at org.testng.internal.Invoker.invokeTestMethod(Invoker.java:820)
	at org.testng.internal.Invoker.invokeTestMethods(Invoker.java:1128)
	at org.testng.internal.TestMethodWorker.invokeTestMethods(TestMethodWorker.java:129)
	at org.testng.internal.TestMethodWorker.run(TestMethodWorker.java:112)
	at org.testng.TestRunner.privateRun(TestRunner.java:782)
	at org.testng.TestRunner.run(TestRunner.java:632)
	at org.testng.SuiteRunner.runTest(SuiteRunner.java:366)
	at org.testng.SuiteRunner.runSequentially(SuiteRunner.java:361)
	at org.testng.SuiteRunner.privateRun(SuiteRunner.java:319)
	at org.testng.SuiteRunner.run(SuiteRunner.java:268)
	at org.testng.SuiteRunnerWorker.runSuite(SuiteRunnerWorker.java:52)
	at org.testng.SuiteRunnerWorker.run(SuiteRunnerWorker.java:86)
	at org.testng.TestNG.runSuitesSequentially(TestNG.java:1244)
	at org.testng.TestNG.runSuitesLocally(TestNG.java:1169)
	at org.testng.TestNG.run(TestNG.java:1064)
	at org.testng.remote.AbstractRemoteTestNG.run(AbstractRemoteTestNG.java:114)
	at org.testng.remote.RemoteTestNG.initAndRun(RemoteTestNG.java:251)
	at org.testng.remote.RemoteTestNG.main(RemoteTestNG.java:77)
Caused by: java.lang.AssertionError:  期望值: 北京市崇文区安化北里1号长保大厦123 实际值: 北京市崇文区安化北里1号笋保大厦
	at org.testng.Assert.fail(Assert.java:94)
	at com.test.framework.utils.AssertUtil.verifyFail(AssertUtil.java:33)
	... 25 more
</div></td></tr></table><p class="totop"><a href="#summary">back to summary</a></p><h3 id="m1">cn.test.framework.tests.InterfaceTest#test_image_rec</h3><table class="result"><tr class="param"><th>Parameter #1</th></tr><tr class="param stripe"><td>{vehicle_license_main_engine_no=C443305, address=北京市崇文区安化北里1号长保大厦, type=中国行驶证正本, url=/icr/recognize_vehicle_license_demo, image_name=3.jpg, vehicle_license_main_user_character=非营运, issue_date=2008-07-10, vehicle_license_main_model=丰田G1M7240VBNAV1, vehicle_license_main_register_date=2008-07-10, vehicle_license_main_vehicle_type=轿车, vehicle_license_main_plate_num=京MD3033, vehicle_license_main_vin=LVGBE40KX8G230406, vehicle_license_main_owner=长安责任保险股份有限公司}</td></tr><tr><th>Exception</th></tr><tr><td><div class="stacktrace">java.lang.AssertionError:  期望值: 北京市崇文区安化北里1号长保大厦 实际值: 北京市崇文区安化北里1号笋保大厦
	at org.testng.Assert.fail(Assert.java:83)
	at com.test.framework.utils.AssertUtil.verifyFail(AssertUtil.java:36)
	at cn.test.framework.tests.InterfaceTest.test_image_rec(InterfaceTest.java:69)
	at sun.reflect.NativeMethodAccessorImpl.invoke0(Native Method)
	at sun.reflect.NativeMethodAccessorImpl.invoke(NativeMethodAccessorImpl.java:62)
	at sun.reflect.DelegatingMethodAccessorImpl.invoke(DelegatingMethodAccessorImpl.java:43)
	at java.lang.reflect.Method.invoke(Method.java:498)
	at org.testng.internal.MethodInvocationHelper.invokeMethod(MethodInvocationHelper.java:86)
	at org.testng.internal.Invoker.invokeMethod(Invoker.java:643)
	at org.testng.internal.Invoker.invokeTestMethod(Invoker.java:820)
	at org.testng.internal.Invoker.invokeTestMethods(Invoker.java:1128)
	at org.testng.internal.TestMethodWorker.invokeTestMethods(TestMethodWorker.java:129)
	at org.testng.internal.TestMethodWorker.run(TestMethodWorker.java:112)
	at org.testng.TestRunner.privateRun(TestRunner.java:782)
	at org.testng.TestRunner.run(TestRunner.java:632)
	at org.testng.SuiteRunner.runTest(SuiteRunner.java:366)
	at org.testng.SuiteRunner.runSequentially(SuiteRunner.java:361)
	at org.testng.SuiteRunner.privateRun(SuiteRunner.java:319)
	at org.testng.SuiteRunner.run(SuiteRunner.java:268)
	at org.testng.SuiteRunnerWorker.runSuite(SuiteRunnerWorker.java:52)
	at org.testng.SuiteRunnerWorker.run(SuiteRunnerWorker.java:86)
	at org.testng.TestNG.runSuitesSequentially(TestNG.java:1244)
	at org.testng.TestNG.runSuitesLocally(TestNG.java:1169)
	at org.testng.TestNG.run(TestNG.java:1064)
	at org.testng.remote.AbstractRemoteTestNG.run(AbstractRemoteTestNG.java:114)
	at org.testng.remote.RemoteTestNG.initAndRun(RemoteTestNG.java:251)
	at org.testng.remote.RemoteTestNG.main(RemoteTestNG.java:77)
Caused by: java.lang.AssertionError:  期望值: 北京市崇文区安化北里1号长保大厦 实际值: 北京市崇文区安化北里1号笋保大厦
	at org.testng.Assert.fail(Assert.java:94)
	at com.test.framework.utils.AssertUtil.verifyFail(AssertUtil.java:33)
	... 25 more
</div></td></tr></table><p class="totop"><a href="#summary">back to summary</a></p></body></html>