<?xml version="1.0" encoding="UTF-8"?>
<testng-results skipped="0" failed="0" total="1" passed="1">
  <reporter-output>
  </reporter-output>
  <suite name="Default suite" duration-ms="34419" started-at="2018-03-15T08:21:12Z" finished-at="2018-03-15T08:21:46Z">
    <groups>
    </groups>
    <test name="Default test" duration-ms="34419" started-at="2018-03-15T08:21:12Z" finished-at="2018-03-15T08:21:46Z">
      <class name="cn.test.framework.tests.BakeTest">
        <test-method status="PASS" signature="contractUpload()[pri:0, instance:cn.test.framework.tests.BakeTest@234bef66]" name="contractUpload" duration-ms="34397" started-at="2018-03-15T16:21:12Z" finished-at="2018-03-15T16:21:46Z">
          <reporter-output>
          </reporter-output>
        </test-method> <!-- contractUpload -->
      </class> <!-- cn.test.framework.tests.BakeTest -->
    </test> <!-- Default test -->
  </suite> <!-- Default suite -->
</testng-results>
